INFO 2024-11-17 00:03:45,693 autoreload Watching for file changes with StatReloader
INFO 2024-11-17 00:03:45,693 autoreload Watching for file changes with StatReloader
DEBUG 2024-11-17 00:03:45,694 autoreload Waiting for apps ready_event.
DEBUG 2024-11-17 00:03:45,694 autoreload Waiting for apps ready_event.
DEBUG 2024-11-17 00:03:45,787 __init__ couldn't import psycopg 'c' implementation: No module named 'psycopg_c'
DEBUG 2024-11-17 00:03:45,788 __init__ couldn't import psycopg 'binary' implementation: No module named 'psycopg_binary'
DEBUG 2024-11-17 00:03:46,274 autoreload Apps ready_event triggered. Sending autoreload_started signal.
DEBUG 2024-11-17 00:03:46,274 autoreload Apps ready_event triggered. Sending autoreload_started signal.
DEBUG 2024-11-17 00:03:46,309 autoreload Watching dir C:\python\Attendance_system\.venv\Lib\site-packages\rest_framework\templates with glob **/*.
DEBUG 2024-11-17 00:03:46,309 autoreload Watching dir C:\python\Attendance_system\.venv\Lib\site-packages\rest_framework\templates with glob **/*.
DEBUG 2024-11-17 00:03:46,311 autoreload Watching dir C:\python\Attendance_system\templates with glob **/*.
DEBUG 2024-11-17 00:03:46,311 autoreload Watching dir C:\python\Attendance_system\templates with glob **/*.
DEBUG 2024-11-17 00:03:46,311 autoreload Watching dir C:\python\Attendance_system\locale with glob **/*.mo.
DEBUG 2024-11-17 00:03:46,311 autoreload Watching dir C:\python\Attendance_system\locale with glob **/*.mo.
DEBUG 2024-11-17 00:03:46,312 autoreload Watching dir C:\python\Attendance_system\attendance\locale with glob **/*.mo.
DEBUG 2024-11-17 00:03:46,312 autoreload Watching dir C:\python\Attendance_system\attendance\locale with glob **/*.mo.
DEBUG 2024-11-17 00:03:46,313 autoreload Watching dir C:\python\Attendance_system\.venv\Lib\site-packages\corsheaders\locale with glob **/*.mo.
DEBUG 2024-11-17 00:03:46,313 autoreload Watching dir C:\python\Attendance_system\.venv\Lib\site-packages\corsheaders\locale with glob **/*.mo.
DEBUG 2024-11-17 00:03:46,313 autoreload Watching dir C:\python\Attendance_system\.venv\Lib\site-packages\rest_framework\locale with glob **/*.mo.
DEBUG 2024-11-17 00:03:46,313 autoreload Watching dir C:\python\Attendance_system\.venv\Lib\site-packages\rest_framework\locale with glob **/*.mo.
DEBUG 2024-11-17 00:03:46,313 autoreload Watching dir C:\python\Attendance_system\.venv\Lib\site-packages\rest_framework\authtoken\locale with glob **/*.mo.
DEBUG 2024-11-17 00:03:46,313 autoreload Watching dir C:\python\Attendance_system\.venv\Lib\site-packages\rest_framework\authtoken\locale with glob **/*.mo.
